<?xml version="1.0" encoding="UTF-8"?>
<!-- Generated by org.testng.reporters.JUnitReportReporter -->
<testsuite hostname="Imtiyazs-MBP" failures="0" tests="1" name="com.travelsproject.SearchFlightsTest" time="58.130" errors="0" timestamp="2023-12-26T11:29:33 GMT" skipped="0">
  <testcase classname="com.travelsproject.SearchFlightsTest" name="searchFlighResults" time="58.130"/>
  <system-out/>
</testsuite> <!-- com.travelsproject.SearchFlightsTest -->
