<?xml version="1.0" encoding="UTF-8"?>
<!-- Generated by org.testng.reporters.JUnitReportReporter -->
<testsuite hostname="Imtiyazs-MBP" failures="0" tests="1" name="com.travelsproject.LoginTest" time="45.166" errors="0" timestamp="2023-12-26T11:18:08 GMT" skipped="0">
  <testcase classname="com.travelsproject.LoginTest" name="verifyLogin" time="45.166"/>
  <system-out/>
</testsuite> <!-- com.travelsproject.LoginTest -->
